Added Component: Designator=C1(CAPC3528)
Added Component: Designator=C2(CAPC3528)
Added Component: Designator=C3(CAPC2012)
Added Component: Designator=C4(CAPC2012)
Added Component: Designator=C5(CAPC2012)
Added Component: Designator=C6(CAPC2012)
Added Component: Designator=C7(CAPC2012)
Added Component: Designator=C8(CAPC2012)
Added Component: Designator=C9(CAPR7_5-3_6x7_5)
Added Component: Designator=C10(CAPC2012)
Added Component: Designator=C11(CAPC2012)
Added Component: Designator=C12(CAPC2012)
Added Component: Designator=C13(CAPC2012)
Added Component: Designator=C14(CAPC2012)
Added Component: Designator=C15(CAPC2012)
Added Component: Designator=C16(CAPC2012)
Added Component: Designator=DS1(LED2013)
Added Component: Designator=DS2(LED2013)
Added Component: Designator=DS3(LED2013)
Added Component: Designator=DS4(LED2013)
Added Component: Designator=DS5(LED2013)
Added Component: Designator=J1(95122-2881)
Added Component: Designator=JP1(HDR2X10)
Added Component: Designator=L1(INDC2012)
Added Component: Designator=L2(INDC2012)
Added Component: Designator=R1(RESC2012)
Added Component: Designator=R2(RESC2012)
Added Component: Designator=R3(RESC2012)
Added Component: Designator=R4(RESC2012)
Added Component: Designator=R5(RESC2012)
Added Component: Designator=R6(RESC2012)
Added Component: Designator=R7(RESC2012)
Added Component: Designator=R8(RESC2012)
Added Component: Designator=R9(RESC2012)
Added Component: Designator=R10(RESC2012)
Added Component: Designator=R11(RESC2012)
Added Component: Designator=R12(RESC2012)
Added Component: Designator=R13(RESC2012)
Added Component: Designator=R14(RESC2012)
Added Component: Designator=R15(RESC2012)
Added Component: Designator=R16(RESC2012)
Added Component: Designator=R17(RESC2012)
Added Component: Designator=R18(RESC2012)
Added Component: Designator=R19(RESC2012)
Added Component: Designator=R20(RESC2012)
Added Component: Designator=R21(RESC2012)
Added Component: Designator=R22(RESC2012)
Added Component: Designator=R23(RESC2012)
Added Component: Designator=R24(RESC2012)
Added Component: Designator=T1(SOIC127P910-16)
Added Component: Designator=U1(TSQFP50P900X900-48)
Added Component: Designator=Y1(XTAL_HC49SMD 20Mhz  +/-30ppm 20pf)
Added Pin To Net: NetName=3V3A Pin=C16-2
Added Pin To Net: NetName=3V3A Pin=L2-2
Added Pin To Net: NetName=3V3A Pin=U1-36
Added Net: Name=3V3A
Added Pin To Net: NetName=3V3 Pin=C2-1
Added Pin To Net: NetName=3V3 Pin=C13-2
Added Pin To Net: NetName=3V3 Pin=C14-2
Added Pin To Net: NetName=3V3 Pin=C15-2
Added Pin To Net: NetName=3V3 Pin=DS1-1
Added Pin To Net: NetName=3V3 Pin=JP1-1
Added Pin To Net: NetName=3V3 Pin=L2-1
Added Pin To Net: NetName=3V3 Pin=R4-2
Added Pin To Net: NetName=3V3 Pin=R15-1
Added Pin To Net: NetName=3V3 Pin=U1-14
Added Pin To Net: NetName=3V3 Pin=U1-37
Added Pin To Net: NetName=3V3 Pin=U1-38
Added Pin To Net: NetName=3V3 Pin=U1-39
Added Pin To Net: NetName=3V3 Pin=U1-41
Added Pin To Net: NetName=3V3 Pin=U1-44
Added Pin To Net: NetName=3V3 Pin=U1-48
Added Net: Name=3V3
Added Pin To Net: NetName=COL Pin=JP1-18
Added Pin To Net: NetName=COL Pin=R4-1
Added Pin To Net: NetName=COL Pin=U1-1
Added Net: Name=COL
Added Pin To Net: NetName=CRS Pin=JP1-5
Added Pin To Net: NetName=CRS Pin=R9-2
Added Pin To Net: NetName=CRS Pin=U1-23
Added Net: Name=CRS
Added Pin To Net: NetName=GND Pin=C1-2
Added Pin To Net: NetName=GND Pin=C2-2
Added Pin To Net: NetName=GND Pin=C3-1
Added Pin To Net: NetName=GND Pin=C4-1
Added Pin To Net: NetName=GND Pin=C5-2
Added Pin To Net: NetName=GND Pin=C6-1
Added Pin To Net: NetName=GND Pin=C7-1
Added Pin To Net: NetName=GND Pin=C8-1
Added Pin To Net: NetName=GND Pin=C10-1
Added Pin To Net: NetName=GND Pin=C11-1
Added Pin To Net: NetName=GND Pin=C12-1
Added Pin To Net: NetName=GND Pin=C13-1
Added Pin To Net: NetName=GND Pin=C14-1
Added Pin To Net: NetName=GND Pin=C15-1
Added Pin To Net: NetName=GND Pin=C16-1
Added Pin To Net: NetName=GND Pin=DS2-2
Added Pin To Net: NetName=GND Pin=DS3-2
Added Pin To Net: NetName=GND Pin=DS4-2
Added Pin To Net: NetName=GND Pin=DS5-2
Added Pin To Net: NetName=GND Pin=JP1-20
Added Pin To Net: NetName=GND Pin=R8-1
Added Pin To Net: NetName=GND Pin=R9-1
Added Pin To Net: NetName=GND Pin=R14-1
Added Pin To Net: NetName=GND Pin=R17-1
Added Pin To Net: NetName=GND Pin=R18-1
Added Pin To Net: NetName=GND Pin=R21-1
Added Pin To Net: NetName=GND Pin=R22-1
Added Pin To Net: NetName=GND Pin=U1-11
Added Pin To Net: NetName=GND Pin=U1-17
Added Pin To Net: NetName=GND Pin=U1-29
Added Pin To Net: NetName=GND Pin=U1-35
Added Pin To Net: NetName=GND Pin=U1-40
Added Pin To Net: NetName=GND Pin=U1-43
Added Pin To Net: NetName=GND Pin=U1-45
Added Net: Name=GND
Added Pin To Net: NetName=LED0 Pin=R15-2
Added Pin To Net: NetName=LED0 Pin=R16-2
Added Pin To Net: NetName=LED0 Pin=U1-9
Added Net: Name=LED0
Added Pin To Net: NetName=LED1 Pin=R17-2
Added Pin To Net: NetName=LED1 Pin=R19-2
Added Pin To Net: NetName=LED1 Pin=U1-10
Added Net: Name=LED1
Added Pin To Net: NetName=LED2 Pin=R18-2
Added Pin To Net: NetName=LED2 Pin=R20-2
Added Pin To Net: NetName=LED2 Pin=U1-12
Added Net: Name=LED2
Added Pin To Net: NetName=LED3 Pin=R21-2
Added Pin To Net: NetName=LED3 Pin=R23-2
Added Pin To Net: NetName=LED3 Pin=U1-13
Added Net: Name=LED3
Added Pin To Net: NetName=LED4 Pin=R22-2
Added Pin To Net: NetName=LED4 Pin=R24-2
Added Pin To Net: NetName=LED4 Pin=U1-15
Added Net: Name=LED4
Added Pin To Net: NetName=MDC Pin=JP1-3
Added Pin To Net: NetName=MDC Pin=U1-25
Added Net: Name=MDC
Added Pin To Net: NetName=MDIO Pin=JP1-2
Added Pin To Net: NetName=MDIO Pin=U1-26
Added Net: Name=MDIO
Added Pin To Net: NetName=NetC5_1 Pin=C5-1
Added Pin To Net: NetName=NetC5_1 Pin=R2-2
Added Pin To Net: NetName=NetC5_1 Pin=R3-2
Added Net: Name=NetC5_1
Added Pin To Net: NetName=NetC6_2 Pin=C6-2
Added Pin To Net: NetName=NetC6_2 Pin=R1-1
Added Pin To Net: NetName=NetC6_2 Pin=T1-7
Added Net: Name=NetC6_2
Added Pin To Net: NetName=NetC7_2 Pin=C7-2
Added Pin To Net: NetName=NetC7_2 Pin=U1-46
Added Pin To Net: NetName=NetC7_2 Pin=Y1-1
Added Net: Name=NetC7_2
Added Pin To Net: NetName=NetC8_2 Pin=C8-2
Added Pin To Net: NetName=NetC8_2 Pin=U1-47
Added Pin To Net: NetName=NetC8_2 Pin=Y1-2
Added Net: Name=NetC8_2
Added Pin To Net: NetName=NetC9_1 Pin=C9-1
Added Pin To Net: NetName=NetC9_1 Pin=R10-2
Added Pin To Net: NetName=NetC9_1 Pin=R11-2
Added Pin To Net: NetName=NetC9_1 Pin=R12-2
Added Pin To Net: NetName=NetC9_1 Pin=R13-2
Added Net: Name=NetC9_1
Added Pin To Net: NetName=NetC9_2 Pin=C9-2
Added Pin To Net: NetName=NetC9_2 Pin=C12-2
Added Pin To Net: NetName=NetC9_2 Pin=J1-MH1
Added Pin To Net: NetName=NetC9_2 Pin=J1-MH2
Added Net: Name=NetC9_2
Added Pin To Net: NetName=NetC10_2 Pin=C10-2
Added Pin To Net: NetName=NetC10_2 Pin=R5-1
Added Pin To Net: NetName=NetC10_2 Pin=R6-1
Added Net: Name=NetC10_2
Added Pin To Net: NetName=NetC11_2 Pin=C11-2
Added Pin To Net: NetName=NetC11_2 Pin=R7-1
Added Pin To Net: NetName=NetC11_2 Pin=T1-2
Added Net: Name=NetC11_2
Added Pin To Net: NetName=NetDS1_2 Pin=DS1-2
Added Pin To Net: NetName=NetDS1_2 Pin=R16-1
Added Net: Name=NetDS1_2
Added Pin To Net: NetName=NetDS2_1 Pin=DS2-1
Added Pin To Net: NetName=NetDS2_1 Pin=R19-1
Added Net: Name=NetDS2_1
Added Pin To Net: NetName=NetDS3_1 Pin=DS3-1
Added Pin To Net: NetName=NetDS3_1 Pin=R20-1
Added Net: Name=NetDS3_1
Added Pin To Net: NetName=NetDS4_1 Pin=DS4-1
Added Pin To Net: NetName=NetDS4_1 Pin=R23-1
Added Net: Name=NetDS4_1
Added Pin To Net: NetName=NetDS5_1 Pin=DS5-1
Added Pin To Net: NetName=NetDS5_1 Pin=R24-1
Added Net: Name=NetDS5_1
Added Pin To Net: NetName=NetJ1_1 Pin=J1-1
Added Pin To Net: NetName=NetJ1_1 Pin=T1-16
Added Net: Name=NetJ1_1
Added Pin To Net: NetName=NetJ1_2 Pin=J1-2
Added Pin To Net: NetName=NetJ1_2 Pin=T1-14
Added Net: Name=NetJ1_2
Added Pin To Net: NetName=NetJ1_3 Pin=J1-3
Added Pin To Net: NetName=NetJ1_3 Pin=T1-11
Added Net: Name=NetJ1_3
Added Pin To Net: NetName=NetJ1_4 Pin=J1-4
Added Pin To Net: NetName=NetJ1_4 Pin=J1-5
Added Pin To Net: NetName=NetJ1_4 Pin=R12-1
Added Net: Name=NetJ1_4
Added Pin To Net: NetName=NetJ1_6 Pin=J1-6
Added Pin To Net: NetName=NetJ1_6 Pin=T1-9
Added Net: Name=NetJ1_6
Added Pin To Net: NetName=NetJ1_7 Pin=J1-7
Added Pin To Net: NetName=NetJ1_7 Pin=J1-8
Added Pin To Net: NetName=NetJ1_7 Pin=R13-1
Added Net: Name=NetJ1_7
Added Pin To Net: NetName=NetR2_1 Pin=R2-1
Added Pin To Net: NetName=NetR2_1 Pin=T1-6
Added Pin To Net: NetName=NetR2_1 Pin=U1-31
Added Net: Name=NetR2_1
Added Pin To Net: NetName=NetR3_1 Pin=R3-1
Added Pin To Net: NetName=NetR3_1 Pin=T1-8
Added Pin To Net: NetName=NetR3_1 Pin=U1-30
Added Net: Name=NetR3_1
Added Pin To Net: NetName=NetR5_2 Pin=R5-2
Added Pin To Net: NetName=NetR5_2 Pin=T1-3
Added Pin To Net: NetName=NetR5_2 Pin=U1-33
Added Net: Name=NetR5_2
Added Pin To Net: NetName=NetR6_2 Pin=R6-2
Added Pin To Net: NetName=NetR6_2 Pin=T1-1
Added Pin To Net: NetName=NetR6_2 Pin=U1-34
Added Net: Name=NetR6_2
Added Pin To Net: NetName=NetR10_1 Pin=R10-1
Added Pin To Net: NetName=NetR10_1 Pin=T1-15
Added Net: Name=NetR10_1
Added Pin To Net: NetName=NetR11_1 Pin=R11-1
Added Pin To Net: NetName=NetR11_1 Pin=T1-10
Added Net: Name=NetR11_1
Added Pin To Net: NetName=NetR14_2 Pin=R14-2
Added Pin To Net: NetName=NetR14_2 Pin=U1-28
Added Net: Name=NetR14_2
Added Pin To Net: NetName=PWFBIN Pin=C4-2
Added Pin To Net: NetName=PWFBIN Pin=L1-2
Added Pin To Net: NetName=PWFBIN Pin=U1-8
Added Net: Name=PWFBIN
Added Pin To Net: NetName=PWFBOUT Pin=C1-1
Added Pin To Net: NetName=PWFBOUT Pin=C3-2
Added Pin To Net: NetName=PWFBOUT Pin=L1-1
Added Pin To Net: NetName=PWFBOUT Pin=R1-2
Added Pin To Net: NetName=PWFBOUT Pin=R7-2
Added Pin To Net: NetName=PWFBOUT Pin=U1-32
Added Net: Name=PWFBOUT
Added Pin To Net: NetName=RESETB Pin=JP1-19
Added Pin To Net: NetName=RESETB Pin=U1-42
Added Net: Name=RESETB
Added Pin To Net: NetName=RXC Pin=JP1-11
Added Pin To Net: NetName=RXC Pin=U1-16
Added Net: Name=RXC
Added Pin To Net: NetName=RXD0 Pin=JP1-7
Added Pin To Net: NetName=RXD0 Pin=U1-21
Added Net: Name=RXD0
Added Pin To Net: NetName=RXD1 Pin=JP1-8
Added Pin To Net: NetName=RXD1 Pin=U1-20
Added Net: Name=RXD1
Added Pin To Net: NetName=RXD2 Pin=JP1-9
Added Pin To Net: NetName=RXD2 Pin=U1-19
Added Net: Name=RXD2
Added Pin To Net: NetName=RXD3 Pin=JP1-10
Added Pin To Net: NetName=RXD3 Pin=U1-18
Added Net: Name=RXD3
Added Pin To Net: NetName=RXDV Pin=JP1-6
Added Pin To Net: NetName=RXDV Pin=U1-22
Added Net: Name=RXDV
Added Pin To Net: NetName=RXER Pin=JP1-4
Added Pin To Net: NetName=RXER Pin=R8-2
Added Pin To Net: NetName=RXER Pin=U1-24
Added Net: Name=RXER
Added Pin To Net: NetName=TXC Pin=JP1-12
Added Pin To Net: NetName=TXC Pin=U1-7
Added Net: Name=TXC
Added Pin To Net: NetName=TXD0 Pin=JP1-13
Added Pin To Net: NetName=TXD0 Pin=U1-6
Added Net: Name=TXD0
Added Pin To Net: NetName=TXD1 Pin=JP1-14
Added Pin To Net: NetName=TXD1 Pin=U1-5
Added Net: Name=TXD1
Added Pin To Net: NetName=TXD2 Pin=JP1-15
Added Pin To Net: NetName=TXD2 Pin=U1-4
Added Net: Name=TXD2
Added Pin To Net: NetName=TXD3 Pin=JP1-16
Added Pin To Net: NetName=TXD3 Pin=U1-3
Added Net: Name=TXD3
Added Pin To Net: NetName=TXEN Pin=JP1-17
Added Pin To Net: NetName=TXEN Pin=U1-2
Added Net: Name=TXEN
Added Class: Name=U_Ethernet_Con
Added Class: Name=U_LEDS
Added Class: Name=U_Parallel Data Interface
Added Class: Name=U_RTL8201CL
Added Class: Name=LED[4..0]
